[INFO] Scanning for projects...
[INFO]                                                                         
[INFO] ------------------------------------------------------------------------
[INFO] Building Paccounting Webapp 1.0-SNAPSHOT
[INFO] ------------------------------------------------------------------------
[WARNING] The artifact org.apache.commons:commons-io:jar:1.3.2 has been relocated to commons-io:commons-io:jar:1.3.2
[INFO] 
[INFO] --- maven-dependency-plugin:2.8:tree (default-cli) @ paccounting ---
[WARNING] The artifact org.apache.commons:commons-io:jar:1.3.2 has been relocated to commons-io:commons-io:jar:1.3.2
[INFO] com.codecracker:paccounting:war:1.0-SNAPSHOT
[INFO] +- junit:junit:jar:3.8.1:test
[INFO] +- org.springframework:spring-webmvc:jar:4.0.2.RELEASE:compile
[INFO] |  +- org.springframework:spring-beans:jar:4.0.2.RELEASE:compile
[INFO] |  +- org.springframework:spring-context:jar:4.0.2.RELEASE:compile
[INFO] |  +- org.springframework:spring-core:jar:4.0.2.RELEASE:compile
[INFO] |  |  \- commons-logging:commons-logging:jar:1.1.3:compile
[INFO] |  +- org.springframework:spring-expression:jar:4.0.2.RELEASE:compile
[INFO] |  \- org.springframework:spring-web:jar:4.0.2.RELEASE:compile
[INFO] +- org.springframework:spring-jdbc:jar:3.0.3.RELEASE:compile
[INFO] +- org.springframework:spring-tx:jar:4.1.6.RELEASE:compile
[INFO] +- org.hibernate.common:hibernate-commons-annotations:jar:4.0.5.Final:compile
[INFO] |  +- org.jboss.logging:jboss-logging:jar:3.1.3.GA:compile
[INFO] |  \- org.jboss.logging:jboss-logging-annotations:jar:1.2.0.Beta1:compile
[INFO] +- org.springframework:spring-orm:jar:4.0.3.RELEASE:compile
[INFO] +- org.springframework:spring-aop:jar:4.0.2.RELEASE:compile
[INFO] |  \- aopalliance:aopalliance:jar:1.0:compile
[INFO] +- org.springframework.security:spring-security-core:jar:4.0.2.RELEASE:compile
[INFO] +- org.springframework.security.oauth:spring-security-oauth2:jar:2.0.10.RELEASE:compile
[INFO] |  +- org.springframework.security:spring-security-config:jar:3.2.8.RELEASE:compile
[INFO] |  +- org.springframework.security:spring-security-web:jar:3.2.8.RELEASE:compile
[INFO] |  +- commons-codec:commons-codec:jar:1.9:compile
[INFO] |  \- org.codehaus.jackson:jackson-mapper-asl:jar:1.9.13:compile
[INFO] +- org.eclipse.persistence:javax.persistence:jar:2.1.1:compile
[INFO] +- mysql:mysql-connector-java:jar:5.1.9:compile
[INFO] +- com.oracle:ojdbc7:jar:12.1.0.1:compile
[INFO] +- org.hibernate:hibernate-core:jar:4.3.6.Final:compile
[INFO] |  +- org.jboss.spec.javax.transaction:jboss-transaction-api_1.2_spec:jar:1.0.0.Final:compile
[INFO] |  +- dom4j:dom4j:jar:1.6.1:compile
[INFO] |  |  \- xml-apis:xml-apis:jar:1.0.b2:compile
[INFO] |  +- org.hibernate.javax.persistence:hibernate-jpa-2.1-api:jar:1.0.0.Final:compile
[INFO] |  +- org.javassist:javassist:jar:3.18.1-GA:compile
[INFO] |  +- antlr:antlr:jar:2.7.7:compile
[INFO] |  \- org.jboss:jandex:jar:1.1.0.Final:compile
[INFO] +- javax.validation:validation-api:jar:1.1.0.Final:compile
[INFO] +- org.hibernate:hibernate-validator:jar:5.1.3.Final:compile
[INFO] |  \- com.fasterxml:classmate:jar:1.0.0:compile
[INFO] +- org.hibernate:hibernate-entitymanager:jar:4.3.2.Final:compile
[INFO] +- log4j:log4j:jar:1.2.17:compile
[INFO] +- javax.servlet:jstl:jar:1.2:compile
[INFO] +- commons-io:commons-io:jar:1.3.2:compile
[INFO] +- com.sun.jersey:jersey-client:jar:1.18.3:compile
[INFO] |  \- com.sun.jersey:jersey-core:jar:1.18.3:compile
[INFO] +- com.sun.jersey:jersey-json:jar:1.18.3:compile
[INFO] |  +- org.codehaus.jettison:jettison:jar:1.1:compile
[INFO] |  +- com.sun.xml.bind:jaxb-impl:jar:2.2.3-1:compile
[INFO] |  |  \- javax.xml.bind:jaxb-api:jar:2.2.2:compile
[INFO] |  |     +- javax.xml.stream:stax-api:jar:1.0-2:compile
[INFO] |  |     \- javax.activation:activation:jar:1.1:compile
[INFO] |  +- org.codehaus.jackson:jackson-core-asl:jar:1.9.2:compile
[INFO] |  +- org.codehaus.jackson:jackson-jaxrs:jar:1.9.2:compile
[INFO] |  \- org.codehaus.jackson:jackson-xc:jar:1.9.2:compile
[INFO] +- commons-dbcp:commons-dbcp:jar:1.4:compile
[INFO] |  \- commons-pool:commons-pool:jar:1.5.4:compile
[INFO] +- javax.servlet:servlet-api:jar:3.0-alpha-1:compile
[INFO] +- com.fasterxml.jackson.core:jackson-core:jar:2.4.1:compile
[INFO] +- com.fasterxml.jackson.core:jackson-databind:jar:2.4.1.1:compile
[INFO] |  \- com.fasterxml.jackson.core:jackson-annotations:jar:2.4.0:compile
[INFO] \- org.json:json:jar:20151123:compile
[INFO] ------------------------------------------------------------------------
[INFO] BUILD SUCCESS
[INFO] ------------------------------------------------------------------------
[INFO] Total time: 10.592 s
[INFO] Finished at: 2016-09-18T08:49:06-07:00
[INFO] Final Memory: 15M/181M
[INFO] ------------------------------------------------------------------------
